<?xml version="1.0" encoding="UTF-8"?>
<!-- Generated by org.testng.reporters.JUnitReportReporter -->
<testsuite skipped="0" hostname="Switch1-Desktop" name="CreditcardprojectAutomation.CreditCardProject.login" tests="6" failures="0" timestamp="2022-03-08T16:36:01 IST" time="41.146" errors="0">
  <testcase name="loginfunctionality" time="2.186" classname="CreditcardprojectAutomation.CreditCardProject.login"/>
  <system-out/>
  <testcase name="afterlogincheckwhethercorrecturl" time="2.012" classname="CreditcardprojectAutomation.CreditCardProject.login"/>
  <system-out/>
  <testcase name="NavigatetoApplicationfullfillmentoption" time="5.116" classname="CreditcardprojectAutomation.CreditCardProject.login"/>
  <system-out/>
  <testcase name="clickApplicationdatacaptureoption" time="14.323" classname="CreditcardprojectAutomation.CreditCardProject.login"/>
  <system-out/>
  <testcase name="OpenNewApplicationfilldetails" time="10.193" classname="CreditcardprojectAutomation.CreditCardProject.login"/>
  <system-out/>
  <testcase name="afteropeningapplicationfillbankdetails" time="7.316" classname="CreditcardprojectAutomation.CreditCardProject.login"/>
  <system-out/>
</testsuite> <!-- CreditcardprojectAutomation.CreditCardProject.login -->
