<?xml version="1.0" encoding="UTF-8"?>
<!-- Generated by org.testng.reporters.JUnitReportReporter -->
<testsuite skipped="0" hostname="Switch1-Desktop" name="CreditcardprojectAutomation.CreditCardProject.login" tests="6" failures="0" timestamp="2022-03-07T16:45:49 IST" time="44.290" errors="0">
  <testcase name="loginfunctionality" time="2.179" classname="CreditcardprojectAutomation.CreditCardProject.login"/>
  <system-out/>
  <testcase name="afterlogincheckwhethercorrecturl" time="2.009" classname="CreditcardprojectAutomation.CreditCardProject.login"/>
  <system-out/>
  <testcase name="NavigatetoApplicationfullfillmentoption" time="5.097" classname="CreditcardprojectAutomation.CreditCardProject.login"/>
  <system-out/>
  <testcase name="clickApplicationdatacaptureoption" time="18.515" classname="CreditcardprojectAutomation.CreditCardProject.login"/>
  <system-out/>
  <testcase name="OpenNewApplicationfilldetails" time="10.374" classname="CreditcardprojectAutomation.CreditCardProject.login"/>
  <system-out/>
  <testcase name="afteropeningapplicationfillbankdetails" time="6.116" classname="CreditcardprojectAutomation.CreditCardProject.login"/>
  <system-out/>
</testsuite> <!-- CreditcardprojectAutomation.CreditCardProject.login -->
