<?xml version="1.0" encoding="UTF-8"?>
<!-- Generated by org.testng.reporters.JUnitReportReporter -->
<testsuite skipped="0" hostname="Switch1-Desktop" name="CreditcardprojectAutomation.CreditCardProject.login" tests="4" failures="0" timestamp="2022-03-02T17:31:54 IST" time="11.722" errors="0">
  <testcase name="loginfunctionality" time="2.271" classname="CreditcardprojectAutomation.CreditCardProject.login"/>
  <system-out/>
  <testcase name="afterlogincheckwhethercorrecturl" time="2.008" classname="CreditcardprojectAutomation.CreditCardProject.login"/>
  <system-out/>
  <testcase name="NavigatetoApplicationfullfillmentoption" time="6.057" classname="CreditcardprojectAutomation.CreditCardProject.login"/>
  <system-out/>
  <testcase name="driverclose" time="1.386" classname="CreditcardprojectAutomation.CreditCardProject.login"/>
  <system-out/>
</testsuite> <!-- CreditcardprojectAutomation.CreditCardProject.login -->
