<?xml version="1.0" encoding="UTF-8"?>
<!-- Generated by org.testng.reporters.JUnitReportReporter -->
<testsuite skipped="0" hostname="Switch1-Desktop" name="CreditcardprojectAutomation.CreditCardProject.login" tests="7" failures="0" timestamp="2022-03-10T17:58:51 IST" time="50.292" errors="0">
  <testcase name="loginfunctionality" time="2.183" classname="CreditcardprojectAutomation.CreditCardProject.login"/>
  <system-out/>
  <testcase name="afterlogincheckwhethercorrecturl" time="2.010" classname="CreditcardprojectAutomation.CreditCardProject.login"/>
  <system-out/>
  <testcase name="NavigatetoApplicationfullfillmentoption" time="5.119" classname="CreditcardprojectAutomation.CreditCardProject.login"/>
  <system-out/>
  <testcase name="clickApplicationdatacaptureoption" time="16.421" classname="CreditcardprojectAutomation.CreditCardProject.login"/>
  <system-out/>
  <testcase name="OpenNewApplicationfilldetails" time="10.344" classname="CreditcardprojectAutomation.CreditCardProject.login"/>
  <system-out/>
  <testcase name="afteropeningapplicationfillbankdetails" time="7.322" classname="CreditcardprojectAutomation.CreditCardProject.login"/>
  <system-out/>
  <testcase name="afteropeningapplicationfillpersonaldetails" time="6.893" classname="CreditcardprojectAutomation.CreditCardProject.login"/>
  <system-out/>
</testsuite> <!-- CreditcardprojectAutomation.CreditCardProject.login -->
