<?xml version="1.0" encoding="UTF-8"?>
<!-- Generated by org.testng.reporters.JUnitReportReporter -->
<testsuite skipped="0" hostname="Switch1-Desktop" name="CreditcardprojectAutomation.CreditCardProject.login" tests="8" failures="0" timestamp="2022-04-11T17:40:48 IST" time="57.713" errors="0">
  <testcase name="loginfunctionality" time="2.201" classname="CreditcardprojectAutomation.CreditCardProject.login"/>
  <system-out/>
  <testcase name="afterlogincheckwhethercorrecturl" time="2.009" classname="CreditcardprojectAutomation.CreditCardProject.login"/>
  <system-out/>
  <testcase name="NavigatetoApplicationfullfillmentoption" time="5.102" classname="CreditcardprojectAutomation.CreditCardProject.login"/>
  <system-out/>
  <testcase name="clickApplicationdatacaptureoption" time="21.231" classname="CreditcardprojectAutomation.CreditCardProject.login"/>
  <system-out/>
  <testcase name="OpenNewApplicationfilldetails" time="8.978" classname="CreditcardprojectAutomation.CreditCardProject.login"/>
  <system-out/>
  <testcase name="afteropeningapplicationfillbankdetails" time="7.339" classname="CreditcardprojectAutomation.CreditCardProject.login"/>
  <system-out/>
  <testcase name="afteropeningapplicationfillpersonaldetails" time="7.229" classname="CreditcardprojectAutomation.CreditCardProject.login"/>
  <system-out/>
  <testcase name="NeedtofillEmploymentdetails" time="3.624" classname="CreditcardprojectAutomation.CreditCardProject.login"/>
  <system-out/>
</testsuite> <!-- CreditcardprojectAutomation.CreditCardProject.login -->
